
PLAY [Orchestration Example] ***************************************************

TASK [Gathering Facts] *********************************************************
ok: [server1]

TASK [Shutdown Server] *********************************************************
ok: [server1] => {
    "msg": "Shutdown server1"
}

TASK [Upgrade Firmware] ********************************************************
ok: [server1] => {
    "msg": "Upgrade server1"
}

TASK [Start Server] ************************************************************
ok: [server1] => {
    "msg": "Start server1"
}

TASK [Verify Server] ***********************************************************
ok: [server1] => {
    "msg": "Verify server1"
}

PLAY [Orchestration Example] ***************************************************

TASK [Gathering Facts] *********************************************************
ok: [server2]

TASK [Shutdown Server] *********************************************************
ok: [server2] => {
    "msg": "Shutdown server2"
}

TASK [Upgrade Firmware] ********************************************************
ok: [server2] => {
    "msg": "Upgrade server2"
}

TASK [Start Server] ************************************************************
ok: [server2] => {
    "msg": "Start server2"
}

TASK [Verify Server] ***********************************************************
ok: [server2] => {
    "msg": "Verify server2"
}

PLAY [Orchestration Example] ***************************************************

TASK [Gathering Facts] *********************************************************
ok: [server3]

TASK [Shutdown Server] *********************************************************
ok: [server3] => {
    "msg": "Shutdown server3"
}

TASK [Upgrade Firmware] ********************************************************
ok: [server3] => {
    "msg": "Upgrade server3"
}

TASK [Start Server] ************************************************************
ok: [server3] => {
    "msg": "Start server3"
}

TASK [Verify Server] ***********************************************************
ok: [server3] => {
    "msg": "Verify server3"
}

PLAY [Orchestration Example] ***************************************************

TASK [Gathering Facts] *********************************************************
ok: [server4]

TASK [Shutdown Server] *********************************************************
ok: [server4] => {
    "msg": "Shutdown server4"
}

TASK [Upgrade Firmware] ********************************************************
ok: [server4] => {
    "msg": "Upgrade server4"
}

TASK [Start Server] ************************************************************
ok: [server4] => {
    "msg": "Start server4"
}

TASK [Verify Server] ***********************************************************
ok: [server4] => {
    "msg": "Verify server4"
}

PLAY RECAP *********************************************************************
server1                    : ok=5    changed=0    unreachable=0    failed=0    skipped=0    rescued=0    ignored=0   
server2                    : ok=5    changed=0    unreachable=0    failed=0    skipped=0    rescued=0    ignored=0   
server3                    : ok=5    changed=0    unreachable=0    failed=0    skipped=0    rescued=0    ignored=0   
server4                    : ok=5    changed=0    unreachable=0    failed=0    skipped=0    rescued=0    ignored=0   

